  [1m[35m (0.1ms)[0m  [1m[34mSELECT sqlite_version(*)[0m
  ↳ bin/rails:9
  [1m[35m (8.6ms)[0m  [1m[35mCREATE TABLE "schema_migrations" ("version" varchar NOT NULL PRIMARY KEY)[0m
  ↳ bin/rails:9
  [1m[35m (5.2ms)[0m  [1m[35mCREATE TABLE "ar_internal_metadata" ("key" varchar NOT NULL PRIMARY KEY, "value" varchar, "created_at" datetime NOT NULL, "updated_at" datetime NOT NULL)[0m
  ↳ bin/rails:9
  [1m[35m (0.1ms)[0m  [1m[34mSELECT "schema_migrations"."version" FROM "schema_migrations" ORDER BY "schema_migrations"."version" ASC[0m
  ↳ bin/rails:9
Migrating to CreateParts (20190912195503)
  [1m[35m (0.1ms)[0m  [1m[36mbegin transaction[0m
  ↳ bin/rails:9
  [1m[35m (0.3ms)[0m  [1m[35mCREATE TABLE "parts" ("id" integer PRIMARY KEY AUTOINCREMENT NOT NULL, "name" varchar, "quantity" integer, "created_at" datetime NOT NULL, "updated_at" datetime NOT NULL)[0m
  ↳ db/migrate/20190912195503_create_parts.rb:3
  [1m[36mActiveRecord::SchemaMigration Create (0.1ms)[0m  [1m[32mINSERT INTO "schema_migrations" ("version") VALUES (?)[0m  [["version", "20190912195503"]]
  ↳ bin/rails:9
  [1m[35m (5.6ms)[0m  [1m[36mcommit transaction[0m
  ↳ bin/rails:9
Migrating to CreateFactories (20190912195904)
  [1m[35m (0.1ms)[0m  [1m[36mbegin transaction[0m
  ↳ bin/rails:9
  [1m[35m (0.3ms)[0m  [1m[35mCREATE TABLE "factories" ("id" integer PRIMARY KEY AUTOINCREMENT NOT NULL, "location" varchar, "part" varchar, "created_at" datetime NOT NULL, "updated_at" datetime NOT NULL)[0m
  ↳ db/migrate/20190912195904_create_factories.rb:3
  [1m[36mActiveRecord::SchemaMigration Create (0.1ms)[0m  [1m[32mINSERT INTO "schema_migrations" ("version") VALUES (?)[0m  [["version", "20190912195904"]]
  ↳ bin/rails:9
  [1m[35m (4.8ms)[0m  [1m[36mcommit transaction[0m
  ↳ bin/rails:9
Migrating to CreateCars (20190912200042)
  [1m[35m (0.0ms)[0m  [1m[36mbegin transaction[0m
  ↳ bin/rails:9
  [1m[35m (0.2ms)[0m  [1m[35mCREATE TABLE "cars" ("id" integer PRIMARY KEY AUTOINCREMENT NOT NULL, "make" varchar, "model" varchar, "vin" integer, "parts" varchar, "created_at" datetime NOT NULL, "updated_at" datetime NOT NULL)[0m
  ↳ db/migrate/20190912200042_create_cars.rb:3
  [1m[36mActiveRecord::SchemaMigration Create (0.1ms)[0m  [1m[32mINSERT INTO "schema_migrations" ("version") VALUES (?)[0m  [["version", "20190912200042"]]
  ↳ bin/rails:9
  [1m[35m (4.6ms)[0m  [1m[36mcommit transaction[0m
  ↳ bin/rails:9
  [1m[36mActiveRecord::InternalMetadata Load (0.2ms)[0m  [1m[34mSELECT  "ar_internal_metadata".* FROM "ar_internal_metadata" WHERE "ar_internal_metadata"."key" = ? LIMIT ?[0m  [["key", "environment"], ["LIMIT", 1]]
  ↳ bin/rails:9
  [1m[35m (0.0ms)[0m  [1m[36mbegin transaction[0m
  ↳ bin/rails:9
  [1m[36mActiveRecord::InternalMetadata Create (0.2ms)[0m  [1m[32mINSERT INTO "ar_internal_metadata" ("key", "value", "created_at", "updated_at") VALUES (?, ?, ?, ?)[0m  [["key", "environment"], ["value", "development"], ["created_at", "2019-09-12 20:00:54.704458"], ["updated_at", "2019-09-12 20:00:54.704458"]]
  ↳ bin/rails:9
  [1m[35m (3.6ms)[0m  [1m[36mcommit transaction[0m
  ↳ bin/rails:9
  [1m[35m (0.1ms)[0m  [1m[34mSELECT "schema_migrations"."version" FROM "schema_migrations" ORDER BY "schema_migrations"."version" ASC[0m
  ↳ bin/rails:9
Started GET "/parts" for 127.0.0.1 at 2019-09-12 14:01:11 -0600
  [1m[35m (0.1ms)[0m  [1m[34mSELECT "schema_migrations"."version" FROM "schema_migrations" ORDER BY "schema_migrations"."version" ASC[0m
  ↳ /home/gil/.rbenv/versions/2.5.3/lib/ruby/gems/2.5.0/gems/activerecord-5.2.3/lib/active_record/log_subscriber.rb:98
Processing by PartsController#index as HTML
  Rendering parts/index.html.erb within layouts/application
  [1m[36mPart Load (0.2ms)[0m  [1m[34mSELECT "parts".* FROM "parts"[0m
  ↳ app/views/parts/index.html.erb:15
  Rendered parts/index.html.erb within layouts/application (2.2ms)
Completed 200 OK in 1105ms (Views: 1098.6ms | ActiveRecord: 0.4ms)


Started GET "/parts/new" for 127.0.0.1 at 2019-09-12 14:01:17 -0600
Processing by PartsController#new as HTML
  Rendering parts/new.html.erb within layouts/application
  Rendered parts/_form.html.erb (9.3ms)
  Rendered parts/new.html.erb within layouts/application (10.3ms)
Completed 200 OK in 36ms (Views: 26.5ms | ActiveRecord: 0.7ms)


Started POST "/parts" for 127.0.0.1 at 2019-09-12 14:01:23 -0600
Processing by PartsController#create as HTML
  Parameters: {"utf8"=>"✓", "authenticity_token"=>"jWBqfrJTpaCIg0w+UTU9q+mI7gs3Ef38AipDSVWXvWGDkzd4jQYLwfsyOR8LHI+StYjv1ERN1p/sveP9D+H9zw==", "part"=>{"name"=>"steering wheel", "quantity"=>"5"}, "commit"=>"Create Part"}
  [1m[35m (0.1ms)[0m  [1m[36mbegin transaction[0m
  ↳ app/controllers/parts_controller.rb:30
  [1m[36mPart Create (0.5ms)[0m  [1m[32mINSERT INTO "parts" ("name", "quantity", "created_at", "updated_at") VALUES (?, ?, ?, ?)[0m  [["name", "steering wheel"], ["quantity", 5], ["created_at", "2019-09-12 20:01:23.985256"], ["updated_at", "2019-09-12 20:01:23.985256"]]
  ↳ app/controllers/parts_controller.rb:30
  [1m[35m (3.7ms)[0m  [1m[36mcommit transaction[0m
  ↳ app/controllers/parts_controller.rb:30
Redirected to http://localhost:3000/parts/1
Completed 302 Found in 11ms (ActiveRecord: 4.3ms)


Started GET "/parts/1" for 127.0.0.1 at 2019-09-12 14:01:23 -0600
Processing by PartsController#show as HTML
  Parameters: {"id"=>"1"}
  [1m[36mPart Load (0.2ms)[0m  [1m[34mSELECT  "parts".* FROM "parts" WHERE "parts"."id" = ? LIMIT ?[0m  [["id", 1], ["LIMIT", 1]]
  ↳ app/controllers/parts_controller.rb:67
  Rendering parts/show.html.erb within layouts/application
  Rendered parts/show.html.erb within layouts/application (0.6ms)
Completed 200 OK in 39ms (Views: 17.7ms | ActiveRecord: 0.2ms)


Started GET "/parts" for 127.0.0.1 at 2019-09-12 14:01:27 -0600
Processing by PartsController#index as HTML
  Rendering parts/index.html.erb within layouts/application
  [1m[36mPart Load (0.2ms)[0m  [1m[34mSELECT "parts".* FROM "parts"[0m
  ↳ app/views/parts/index.html.erb:15
  Rendered parts/index.html.erb within layouts/application (2.4ms)
Completed 200 OK in 27ms (Views: 25.2ms | ActiveRecord: 0.2ms)


